raghu@kerneldemo.com:StaticResource%2FDealer_Reminder_Chinese.resource:1422387592000
raghu@kerneldemo.com:StaticResource%2FAngular.resource:1422387592000
raghu@kerneldemo.com:StaticResource%2FSurveyForce.resource-meta.xml:1422387592000
raghu@kerneldemo.com:StaticResource%2FDealer_Reminder_Chinese.resource-meta.xml:1422387592000
raghu@kerneldemo.com:StaticResource%2FSlickCTI_jQuery.resource-meta.xml:1422387592000
raghu@kerneldemo.com:StaticResource%2FjQueryCSV.resource:1422387592000
raghu@kerneldemo.com:StaticResource%2FBenzHeader.resource-meta.xml:1422387592000
raghu@kerneldemo.com:StaticResource%2FSlickCTI_CallCenterDefinition.resource-meta.xml:1422387592000
raghu@kerneldemo.com:StaticResource%2FSlickCTI_InboundRing.resource-meta.xml:1422387592000
raghu@kerneldemo.com:StaticResource%2FSlickCTI_Hangup.resource-meta.xml:1422387592000
raghu@kerneldemo.com:StaticResource%2FCarModelComparison.resource-meta.xml:1422387592000
raghu@kerneldemo.com:StaticResource%2FDealer_Reminder.resource:1422387592000
raghu@kerneldemo.com:StaticResource%2FSlickCTI_DownArrow.resource:1422387592000
raghu@kerneldemo.com:StaticResource%2FSortTable.resource:1422387592000
raghu@kerneldemo.com:StaticResource%2Flinked.resource-meta.xml:1422387592000
raghu@kerneldemo.com:StaticResource%2FRetailCampaignTimeline_JS.resource-meta.xml:1422387592000
raghu@kerneldemo.com:StaticResource%2FSlickCTI_DialPhone.resource:1422387592000
raghu@kerneldemo.com:StaticResource%2FReminderForCampaignRelation.resource:1422387592000
raghu@kerneldemo.com:StaticResource%2FBootstrap.resource-meta.xml:1422387592000
raghu@kerneldemo.com:StaticResource%2Funlink.resource:1422387592000
raghu@kerneldemo.com:StaticResource%2FCampaignTimelineFrame.resource:1422387592000
raghu@kerneldemo.com:StaticResource%2FRetailCampaignSegmentation.resource-meta.xml:1422387592000
raghu@kerneldemo.com:RemoteSiteSetting%2FEP_Integration_Endpoint.remoteSite:1423510487501
raghu@kerneldemo.com:StaticResource%2FUserGuide.resource-meta.xml:1422387592000
raghu@kerneldemo.com:CustomObject%2FExternal_Picklist__c.object:1422387590000
raghu@kerneldemo.com:StaticResource%2FSlickCTI_Logo.resource:1422387592000
raghu@kerneldemo.com:StaticResource%2FSlickCTI_Transfer.resource:1422387592000
raghu@kerneldemo.com:StaticResource%2FSlickCTI_js.resource:1422387592000
raghu@kerneldemo.com:StaticResource%2FTimeline_JS.resource-meta.xml:1422387592000
raghu@kerneldemo.com:StaticResource%2FUserGuide.resource:1422387592000
raghu@kerneldemo.com:StaticResource%2Fwebchat.resource-meta.xml:1422387592000
raghu@kerneldemo.com:StaticResource%2FjQuery.resource-meta.xml:1422387592000
raghu@kerneldemo.com:Document%2FEPA_Logo.jpg-meta.xml:1422387590000
raghu@kerneldemo.com:StaticResource%2FjQueryCSV.resource-meta.xml:1422387592000
raghu@kerneldemo.com:StaticResource%2FSlickCTI_jQuery.resource:1422387592000
raghu@kerneldemo.com:StaticResource%2Finsect.resource:1422387592000
raghu@kerneldemo.com:Document%2FLogo_Mercedes_Benz.png:1422387590000
raghu@kerneldemo.com:StaticResource%2FzzDealerSearch2.resource:1422387592000
raghu@kerneldemo.com:StaticResource%2FSlickCTI_iCanHaz.resource-meta.xml:1422387592000
raghu@kerneldemo.com:StaticResource%2Fjquery142.resource-meta.xml:1422387592000
raghu@kerneldemo.com:StaticResource%2FSlickCTI_js.resource-meta.xml:1422387592000
raghu@kerneldemo.com:StaticResource%2FSlickCTI_Volume.resource:1422387592000
raghu@kerneldemo.com:StaticResource%2FReminderForCampaignRelation.resource-meta.xml:1422387592000
raghu@kerneldemo.com:StaticResource%2FSiteSamples.resource-meta.xml:1422387592000
raghu@kerneldemo.com:StaticResource%2FJSforce.resource-meta.xml:1422387592000
raghu@kerneldemo.com:Document%2FLogo_Mercedes_Benz.png-meta.xml:1422387590000
raghu@kerneldemo.com:StaticResource%2FAngular.resource-meta.xml:1422387592000
raghu@kerneldemo.com:StaticResource%2FTimeline_CSS.resource:1422387592000
raghu@kerneldemo.com:StaticResource%2Funlink.resource-meta.xml:1422387592000
raghu@kerneldemo.com:CallCenter%2FSlickCTI.callCenter:1422387590000
raghu@kerneldemo.com:StaticResource%2FzzDealerSearch1.resource:1422387592000
raghu@kerneldemo.com:StaticResource%2FSlickCTI_InboundRing.resource:1422387592000
raghu@kerneldemo.com:StaticResource%2FCarModelComparison.resource:1422387592000
raghu@kerneldemo.com:StaticResource%2Fsearching_img.resource:1422387592000
raghu@kerneldemo.com:StaticResource%2Flinked.resource:1422387592000
raghu@kerneldemo.com:StaticResource%2FSiteSamples.resource:1422387592000
raghu@kerneldemo.com:StaticResource%2FzzDealerSearch1.resource-meta.xml:1422387592000
raghu@kerneldemo.com:Document%2FEPA_Logo.jpg:1422387590000
raghu@kerneldemo.com:StaticResource%2FCampaignTimelineFrame.resource-meta.xml:1422387592000
raghu@kerneldemo.com:StaticResource%2FUiBootstrap.resource:1422387592000
raghu@kerneldemo.com:StaticResource%2FSlickCTI_Volume.resource-meta.xml:1422387592000
raghu@kerneldemo.com:StaticResource%2FSlickCTI_Logo.resource-meta.xml:1422387592000
raghu@kerneldemo.com:StaticResource%2FSlickCTI_DownArrow.resource-meta.xml:1422387592000
raghu@kerneldemo.com:StaticResource%2FSortTable.resource-meta.xml:1422387592000
raghu@kerneldemo.com:StaticResource%2FAppirioLogo.resource:1422387592000
raghu@kerneldemo.com:StaticResource%2FSlickCTI_TouchToneSounds.resource:1422387592000
raghu@kerneldemo.com:Document%2FLogo-meta.xml:1422387590000
raghu@kerneldemo.com:StaticResource%2FzzDealerSearch2.resource-meta.xml:1422387592000
raghu@kerneldemo.com:StaticResource%2FJSforce.resource:1422387592000
raghu@kerneldemo.com:StaticResource%2FSlickCTI_Outbound.resource:1422387592000
raghu@kerneldemo.com:StaticResource%2FAppirioLogo.resource-meta.xml:1422387592000
raghu@kerneldemo.com:StaticResource%2FBenzHeader.resource:1422387592000
raghu@kerneldemo.com:StaticResource%2FSlickCTI_TouchToneSounds.resource-meta.xml:1422387592000
raghu@kerneldemo.com:StaticResource%2FSlickCTI_Outbound.resource-meta.xml:1422387592000
raghu@kerneldemo.com:StaticResource%2FTimeline_JS_Pa_Z.resource-meta.xml:1422387592000
raghu@kerneldemo.com:StaticResource%2FTimeline_JS.resource:1422387592000
raghu@kerneldemo.com:StaticResource%2FjQuery.resource:1422387592000
raghu@kerneldemo.com:Document%2FMBCL_LOGO.png-meta.xml:1422387590000
raghu@kerneldemo.com:StaticResource%2FTimeline_JS_Pa_Z.resource:1422387592000
raghu@kerneldemo.com:Document%2FEPA-meta.xml:1422387590000
raghu@kerneldemo.com:StaticResource%2FBootstrap.resource:1422387592000
raghu@kerneldemo.com:StaticResource%2FSlickCTI_DialPhone.resource-meta.xml:1422387592000
raghu@kerneldemo.com:StaticResource%2FRetailCampaignSegmentation.resource:1422387592000
raghu@kerneldemo.com:StaticResource%2Fsearching_img.resource-meta.xml:1422387592000
raghu@kerneldemo.com:StaticResource%2FSlickCTI_CallCenterDefinition.resource:1422387592000
raghu@kerneldemo.com:StaticResource%2FTimeline_CSS.resource-meta.xml:1422387592000
raghu@kerneldemo.com:StaticResource%2FUiBootstrap.resource-meta.xml:1422387592000
raghu@kerneldemo.com:StaticResource%2Finsect.resource-meta.xml:1422387592000
raghu@kerneldemo.com:StaticResource%2FRetailCampaignTimeline_JS.resource:1422387592000
raghu@kerneldemo.com:CustomObject%2FIntegration_Picklist__c.object:1422387590000
raghu@kerneldemo.com:StaticResource%2FSurveyForce.resource:1422387592000
raghu@kerneldemo.com:CustomLabels%2FCustomLabels.labels:1422387590000
raghu@kerneldemo.com:StaticResource%2FSlickCTI_Hangup.resource:1422387592000
raghu@kerneldemo.com:StaticResource%2FSlickCTI_Transfer.resource-meta.xml:1422387592000
raghu@kerneldemo.com:Document%2FMBCL_LOGO.png:1422387590000
raghu@kerneldemo.com:StaticResource%2FDealer_Reminder.resource-meta.xml:1422387592000
raghu@kerneldemo.com:StaticResource%2Fwebchat.resource:1422387592000
raghu@kerneldemo.com:StaticResource%2FSlickCTI_iCanHaz.resource:1422387592000
raghu@kerneldemo.com:CustomObject%2FPicklist_Mapping__c.object:1422387590000
raghu@kerneldemo.com:StaticResource%2Fjquery142.resource:1422387592000
